{"$message_type":"diagnostic","message":"expected pattern, found `=>`","code":null,"level":"error","spans":[{"file_name":"src/main.rs","byte_start":308,"byte_end":310,"line_start":11,"line_end":11,"column_start":9,"column_end":11,"is_primary":true,"text":[{"text":"        => println!(\"Day not implemented or invalid.\")","highlight_start":9,"highlight_end":11}],"label":"expected pattern","suggested_replacement":null,"suggestion_applicability":null,"expansion":{"span":{"file_name":"src/main.rs","byte_start":512,"byte_end":537,"line_start":19,"line_end":19,"column_start":5,"column_end":30,"is_primary":false,"text":[{"text":"    run_day!(selection, day1)","highlight_start":5,"highlight_end":30}],"label":null,"suggested_replacement":null,"suggestion_applicability":null,"expansion":null},"macro_decl_name":"run_day!","def_site_span":{"file_name":"src/main.rs","byte_start":0,"byte_end":20,"line_start":1,"line_end":1,"column_start":1,"column_end":21,"is_primary":false,"text":[{"text":"macro_rules! run_day {","highlight_start":1,"highlight_end":21}],"label":null,"suggested_replacement":null,"suggestion_applicability":null,"expansion":null}}}],"children":[],"rendered":"\u001b[1m\u001b[91merror\u001b[0m\u001b[1m: expected pattern, found `=>`\u001b[0m\n  \u001b[1m\u001b[94m--> \u001b[0msrc/main.rs:11:9\n   \u001b[1m\u001b[94m|\u001b[0m\n\u001b[1m\u001b[94m11\u001b[0m \u001b[1m\u001b[94m|\u001b[0m         => println!(\"Day not implemented or invalid.\")\n   \u001b[1m\u001b[94m|\u001b[0m         \u001b[1m\u001b[91m^^\u001b[0m \u001b[1m\u001b[91mexpected pattern\u001b[0m\n\u001b[1m\u001b[94m...\u001b[0m\n\u001b[1m\u001b[94m19\u001b[0m \u001b[1m\u001b[94m|\u001b[0m     run_day!(selection, day1)\n   \u001b[1m\u001b[94m|\u001b[0m     \u001b[1m\u001b[94m-------------------------\u001b[0m \u001b[1m\u001b[94min this macro invocation\u001b[0m\n   \u001b[1m\u001b[94m|\u001b[0m\n   \u001b[1m\u001b[94m= \u001b[0m\u001b[1mnote\u001b[0m: this error originates in the macro `run_day` (in Nightly builds, run with -Z macro-backtrace for more info)\n\n"}
{"$message_type":"diagnostic","message":"attempted to take value of method `collect` on type `Args`","code":{"code":"E0615","explanation":"Attempted to access a method like a field.\n\nErroneous code example:\n\n```compile_fail,E0615\nstruct Foo {\n    x: u32,\n}\n\nimpl Foo {\n    fn method(&self) {}\n}\n\nlet f = Foo { x: 0 };\nf.method; // error: attempted to take value of method `method` on type `Foo`\n```\n\nIf you want to use a method, add `()` after it:\n\n```\n# struct Foo { x: u32 }\n# impl Foo { fn method(&self) {} }\n# let f = Foo { x: 0 };\nf.method();\n```\n\nHowever, if you wanted to access a field of a struct check that the field name\nis spelled correctly. Example:\n\n```\n# struct Foo { x: u32 }\n# impl Foo { fn method(&self) {} }\n# let f = Foo { x: 0 };\nprintln!(\"{}\", f.x);\n```\n"},"level":"error","spans":[{"file_name":"src/main.rs","byte_start":432,"byte_end":439,"line_start":17,"line_end":17,"column_start":46,"column_end":53,"is_primary":true,"text":[{"text":"    let args: Vec<String> = std::env::args().collect;","highlight_start":46,"highlight_end":53}],"label":"method, not a field","suggested_replacement":null,"suggestion_applicability":null,"expansion":null}],"children":[{"message":"use parentheses to call the method","code":null,"level":"help","spans":[{"file_name":"src/main.rs","byte_start":439,"byte_end":439,"line_start":17,"line_end":17,"column_start":53,"column_end":53,"is_primary":true,"text":[{"text":"    let args: Vec<String> = std::env::args().collect;","highlight_start":53,"highlight_end":53}],"label":null,"suggested_replacement":"()","suggestion_applicability":"MaybeIncorrect","expansion":null}],"children":[],"rendered":null}],"rendered":"\u001b[1m\u001b[91merror[E0615]\u001b[0m\u001b[1m: attempted to take value of method `collect` on type `Args`\u001b[0m\n  \u001b[1m\u001b[94m--> \u001b[0msrc/main.rs:17:46\n   \u001b[1m\u001b[94m|\u001b[0m\n\u001b[1m\u001b[94m17\u001b[0m \u001b[1m\u001b[94m|\u001b[0m     let args: Vec<String> = std::env::args().collect;\n   \u001b[1m\u001b[94m|\u001b[0m                                              \u001b[1m\u001b[91m^^^^^^^\u001b[0m \u001b[1m\u001b[91mmethod, not a field\u001b[0m\n   \u001b[1m\u001b[94m|\u001b[0m\n\u001b[1m\u001b[96mhelp\u001b[0m: use parentheses to call the method\n   \u001b[1m\u001b[94m|\u001b[0m\n\u001b[1m\u001b[94m17\u001b[0m \u001b[1m\u001b[94m| \u001b[0m    let args: Vec<String> = std::env::args().collect\u001b[92m()\u001b[0m;\n   \u001b[1m\u001b[94m|\u001b[0m                                                     \u001b[92m++\u001b[0m\n\n"}
{"$message_type":"diagnostic","message":"type annotations needed","code":{"code":"E0282","explanation":"The compiler could not infer a type and asked for a type annotation.\n\nErroneous code example:\n\n```compile_fail,E0282\nlet x = Vec::new();\n```\n\nThis error indicates that type inference did not result in one unique possible\ntype, and extra information is required. In most cases this can be provided\nby adding a type annotation. Sometimes you need to specify a generic type\nparameter manually.\n\nIn the example above, type `Vec` has a type parameter `T`. When calling\n`Vec::new`, barring any other later usage of the variable `x` that allows the\ncompiler to infer what type `T` is, the compiler needs to be told what it is.\n\nThe type can be specified on the variable:\n\n```\nlet x: Vec<i32> = Vec::new();\n```\n\nThe type can also be specified in the path of the expression:\n\n```\nlet x = Vec::<i32>::new();\n```\n\nIn cases with more complex types, it is not necessary to annotate the full\ntype. Once the ambiguity is resolved, the compiler can infer the rest:\n\n```\nlet x: Vec<_> = \"hello\".chars().rev().collect();\n```\n\nAnother way to provide the compiler with enough information, is to specify the\ngeneric type parameter:\n\n```\nlet x = \"hello\".chars().rev().collect::<Vec<char>>();\n```\n\nAgain, you need not specify the full type if the compiler can infer it:\n\n```\nlet x = \"hello\".chars().rev().collect::<Vec<_>>();\n```\n\nApart from a method or function with a generic type parameter, this error can\noccur when a type parameter of a struct or trait cannot be inferred. In that\ncase it is not always possible to use a type annotation, because all candidates\nhave the same return type. For instance:\n\n```compile_fail,E0282\nstruct Foo<T> {\n    num: T,\n}\n\nimpl<T> Foo<T> {\n    fn bar() -> i32 {\n        0\n    }\n\n    fn baz() {\n        let number = Foo::bar();\n    }\n}\n```\n\nThis will fail because the compiler does not know which instance of `Foo` to\ncall `bar` on. Change `Foo::bar()` to `Foo::<T>::bar()` to resolve the error.\n"},"level":"error","spans":[{"file_name":"src/main.rs","byte_start":481,"byte_end":482,"line_start":18,"line_end":18,"column_start":41,"column_end":42,"is_primary":false,"text":[{"text":"    let selection = args.get(1).map(|s| s.as_str()).unwrap_or(\"\");","highlight_start":41,"highlight_end":42}],"label":"type must be known at this point","suggested_replacement":null,"suggestion_applicability":null,"expansion":null},{"file_name":"src/main.rs","byte_start":478,"byte_end":479,"line_start":18,"line_end":18,"column_start":38,"column_end":39,"is_primary":true,"text":[{"text":"    let selection = args.get(1).map(|s| s.as_str()).unwrap_or(\"\");","highlight_start":38,"highlight_end":39}],"label":null,"suggested_replacement":null,"suggestion_applicability":null,"expansion":null}],"children":[{"message":"consider giving this closure parameter an explicit type","code":null,"level":"help","spans":[{"file_name":"src/main.rs","byte_start":479,"byte_end":479,"line_start":18,"line_end":18,"column_start":39,"column_end":39,"is_primary":true,"text":[{"text":"    let selection = args.get(1).map(|s| s.as_str()).unwrap_or(\"\");","highlight_start":39,"highlight_end":39}],"label":null,"suggested_replacement":": /* Type */","suggestion_applicability":"HasPlaceholders","expansion":null}],"children":[],"rendered":null}],"rendered":"\u001b[1m\u001b[91merror[E0282]\u001b[0m\u001b[1m: type annotations needed\u001b[0m\n  \u001b[1m\u001b[94m--> \u001b[0msrc/main.rs:18:38\n   \u001b[1m\u001b[94m|\u001b[0m\n\u001b[1m\u001b[94m18\u001b[0m \u001b[1m\u001b[94m|\u001b[0m     let selection = args.get(1).map(|s| s.as_str()).unwrap_or(\"\");\n   \u001b[1m\u001b[94m|\u001b[0m                                      \u001b[1m\u001b[91m^\u001b[0m  \u001b[1m\u001b[94m-\u001b[0m \u001b[1m\u001b[94mtype must be known at this point\u001b[0m\n   \u001b[1m\u001b[94m|\u001b[0m\n\u001b[1m\u001b[96mhelp\u001b[0m: consider giving this closure parameter an explicit type\n   \u001b[1m\u001b[94m|\u001b[0m\n\u001b[1m\u001b[94m18\u001b[0m \u001b[1m\u001b[94m| \u001b[0m    let selection = args.get(1).map(|s\u001b[92m: /* Type */\u001b[0m| s.as_str()).unwrap_or(\"\");\n   \u001b[1m\u001b[94m|\u001b[0m                                       \u001b[92m++++++++++++\u001b[0m\n\n"}
{"$message_type":"diagnostic","message":"failed to resolve: use of unresolved module or unlinked crate `day1`","code":{"code":"E0433","explanation":"An undeclared crate, module, or type was used.\n\nErroneous code example:\n\n```compile_fail,E0433\nlet map = HashMap::new();\n// error: failed to resolve: use of undeclared type `HashMap`\n```\n\nPlease verify you didn't misspell the type/module's name or that you didn't\nforget to import it:\n\n```\nuse std::collections::HashMap; // HashMap has been imported.\nlet map: HashMap<u32, u32> = HashMap::new(); // So it can be used!\n```\n\nIf you've expected to use a crate name:\n\n```compile_fail\nuse ferris_wheel::BigO;\n// error: failed to resolve: use of undeclared module or unlinked crate\n```\n\nMake sure the crate has been added as a dependency in `Cargo.toml`.\n\nTo use a module from your current crate, add the `crate::` prefix to the path.\n"},"level":"error","spans":[{"file_name":"src/main.rs","byte_start":532,"byte_end":536,"line_start":19,"line_end":19,"column_start":25,"column_end":29,"is_primary":true,"text":[{"text":"    run_day!(selection, day1)","highlight_start":25,"highlight_end":29}],"label":"use of unresolved module or unlinked crate `day1`","suggested_replacement":null,"suggestion_applicability":null,"expansion":null}],"children":[{"message":"if you wanted to use a crate named `day1`, use `cargo add day1` to add it to your `Cargo.toml`","code":null,"level":"help","spans":[],"children":[],"rendered":null}],"rendered":"\u001b[1m\u001b[91merror[E0433]\u001b[0m\u001b[1m: failed to resolve: use of unresolved module or unlinked crate `day1`\u001b[0m\n  \u001b[1m\u001b[94m--> \u001b[0msrc/main.rs:19:25\n   \u001b[1m\u001b[94m|\u001b[0m\n\u001b[1m\u001b[94m19\u001b[0m \u001b[1m\u001b[94m|\u001b[0m     run_day!(selection, day1)\n   \u001b[1m\u001b[94m|\u001b[0m                         \u001b[1m\u001b[91m^^^^\u001b[0m \u001b[1m\u001b[91muse of unresolved module or unlinked crate `day1`\u001b[0m\n   \u001b[1m\u001b[94m|\u001b[0m\n   \u001b[1m\u001b[94m= \u001b[0m\u001b[1mhelp\u001b[0m: if you wanted to use a crate named `day1`, use `cargo add day1` to add it to your `Cargo.toml`\n\n"}
{"$message_type":"diagnostic","message":"aborting due to 4 previous errors","code":null,"level":"error","spans":[],"children":[],"rendered":"\u001b[1m\u001b[91merror\u001b[0m\u001b[1m: aborting due to 4 previous errors\u001b[0m\n\n"}
{"$message_type":"diagnostic","message":"Some errors have detailed explanations: E0282, E0433, E0615.","code":null,"level":"failure-note","spans":[],"children":[],"rendered":"\u001b[1mSome errors have detailed explanations: E0282, E0433, E0615.\u001b[0m\n"}
{"$message_type":"diagnostic","message":"For more information about an error, try `rustc --explain E0282`.","code":null,"level":"failure-note","spans":[],"children":[],"rendered":"\u001b[1mFor more information about an error, try `rustc --explain E0282`.\u001b[0m\n"}
